#
# There is insufficient memory for the Java Runtime Environment to continue.
# Native memory allocation (mmap) failed to map 528482304 bytes. Error detail: G1 virtual space
# Possible reasons:
#   The system is out of physical RAM or swap space
#   This process is running with CompressedOops enabled, and the Java Heap may be blocking the growth of the native heap
# Possible solutions:
#   Reduce memory load on the system
#   Increase physical memory or swap space
#   Check if swap backing store is full
#   Decrease Java heap size (-Xmx/-Xms)
#   Decrease number of Java threads
#   Decrease Java thread stack sizes (-Xss)
#   Set larger code cache with -XX:ReservedCodeCacheSize=
#   JVM is running with Zero Based Compressed Oops mode in which the Java heap is
#     placed in the first 32GB address space. The Java Heap base address is the
#     maximum limit for the native heap growth. Please use -XX:HeapBaseMinAddress
#     to set the Java Heap base and to place the Java Heap above 32GB virtual address.
# This output file may be truncated or incomplete.
#
#  Out of Memory Error (os_windows.cpp:3825), pid=27640, tid=42372
#
# JRE version:  (17.0.11) (build )
# Java VM: OpenJDK 64-Bit Server VM (17.0.11+0--11852314, mixed mode, sharing, tiered, compressed oops, compressed class ptrs, g1 gc, windows-amd64)
# No core dump will be written. Minidumps are not enabled by default on client versions of Windows
#

---------------  S U M M A R Y ------------

Command Line: 

Host: AMD Ryzen 9 5900HX with Radeon Graphics        , 16 cores, 31G,  Windows 11 , 64 bit Build 26100 (10.0.26100.3323)
Time: Wed Mar  5 21:35:10 2025 W. Europe Standard Time elapsed time: 2.545027 seconds (0d 0h 0m 2s)

---------------  T H R E A D  ---------------

Current thread (0x0000018e724ce0d0):  JavaThread "Unknown thread" [_thread_in_vm, id=42372, stack(0x0000003815c00000,0x0000003815d00000)]

Stack: [0x0000003815c00000,0x0000003815d00000]
Native frames: (J=compiled Java code, j=interpreted, Vv=VM code, C=native code)
V  [jvm.dll+0x687bb9]
V  [jvm.dll+0x84142a]
V  [jvm.dll+0x8430ae]
V  [jvm.dll+0x843713]
V  [jvm.dll+0x24a35f]
V  [jvm.dll+0x684989]
V  [jvm.dll+0x67923a]
V  [jvm.dll+0x30af0b]
V  [jvm.dll+0x3123b6]
V  [jvm.dll+0x361dfe]
V  [jvm.dll+0x36202f]
V  [jvm.dll+0x2e0d38]
V  [jvm.dll+0x2e1ca4]
V  [jvm.dll+0x811f21]
V  [jvm.dll+0x36fb68]
V  [jvm.dll+0x7f0896]
V  [jvm.dll+0x3f3d2f]
V  [jvm.dll+0x3f58e1]
C  [jli.dll+0x528f]
C  [ucrtbase.dll+0x37b0]
C  [KERNEL32.DLL+0x2e8d7]
C  [ntdll.dll+0xbbf6c]


---------------  P R O C E S S  ---------------

Threads class SMR info:
_java_thread_list=0x00007ffba370efd8, length=0, elements={
}

Java Threads: ( => current thread )

Other Threads:
  0x0000018e7257cc60 GCTaskThread "GC Thread#0" [stack: 0x0000003815d00000,0x0000003815e00000] [id=44856]
  0x0000018e7b170b10 ConcurrentGCThread "G1 Main Marker" [stack: 0x0000003815e00000,0x0000003815f00000] [id=34916]
  0x0000018e7b171680 ConcurrentGCThread "G1 Conc#0" [stack: 0x0000003815f00000,0x0000003816000000] [id=23956]

[error occurred during error reporting (printing all threads), id 0xc0000005, EXCEPTION_ACCESS_VIOLATION (0xc0000005) at pc=0x00007ffba2ec1907]

VM state: not at safepoint (not fully initialized)

VM Mutex/Monitor currently owned by a thread:  ([mutex/lock_event])
[0x0000018e724ca330] Heap_lock - owner thread: 0x0000018e724ce0d0

Heap address: 0x0000000609400000, size: 8044 MB, Compressed Oops mode: Zero based, Oop shift amount: 3

CDS archive(s) mapped at: [0x0000000000000000-0x0000000000000000-0x0000000000000000), size 0, SharedBaseAddress: 0x0000000800000000, ArchiveRelocationMode: 1.
Narrow klass base: 0x0000000000000000, Narrow klass shift: 0, Narrow klass range: 0x0

GC Precious Log:
<Empty>

Heap:
 garbage-first heap   total 0K, used 0K [0x0000000609400000, 0x0000000800000000)
  region size 4096K, 0 young (0K), 0 survivors (0K)
 Metaspace       used 0K, committed 0K, reserved 0K
  class space    used 0K, committed 0K, reserved 0K

Heap Regions: E=young(eden), S=young(survivor), O=old, HS=humongous(starts), HC=humongous(continues), CS=collection set, F=free, OA=open archive, CA=closed archive, TAMS=top-at-mark-start (previous, next)

Card table byte_map: [0x0000018e791e0000,0x0000018e7a1a0000] _byte_map_base: 0x0000018e76196000

Marking Bits (Prev, Next): (CMBitMap*) 0x0000018e7257d280, (CMBitMap*) 0x0000018e7257d2c0
 Prev Bits: [0x0000018e0f000000, 0x0000018e16db0000)
 Next Bits: [0x0000018e16db0000, 0x0000018e1eb60000)

GC Heap History (0 events):
No events

Dll operation events (1 events):
Event: 0.044 Loaded shared library C:\Program Files\Android\Android Studio\jbr\bin\java.dll

Deoptimization events (0 events):
No events

Classes unloaded (0 events):
No events

Classes redefined (0 events):
No events

Internal exceptions (0 events):
No events

VM Operations (0 events):
No events

Events (0 events):
No events


Dynamic libraries:
0x00007ff61d150000 - 0x00007ff61d15a000 	C:\Program Files\Android\Android Studio\jbr\bin\java.exe
0x00007ffd386c0000 - 0x00007ffd38923000 	C:\WINDOWS\SYSTEM32\ntdll.dll
0x00007ffd36720000 - 0x00007ffd367e7000 	C:\WINDOWS\System32\KERNEL32.DLL
0x00007ffd35ce0000 - 0x00007ffd360a9000 	C:\WINDOWS\System32\KERNELBASE.dll
0x00007ffd35ac0000 - 0x00007ffd35c0c000 	C:\WINDOWS\System32\ucrtbase.dll
0x00007ffcd1770000 - 0x00007ffcd1787000 	C:\Program Files\Android\Android Studio\jbr\bin\jli.dll
0x00007ffcd1750000 - 0x00007ffcd176b000 	C:\Program Files\Android\Android Studio\jbr\bin\VCRUNTIME140.dll
0x00007ffd37c90000 - 0x00007ffd37e5a000 	C:\WINDOWS\System32\USER32.dll
0x00007ffd35c10000 - 0x00007ffd35c37000 	C:\WINDOWS\System32\win32u.dll
0x00007ffd37e60000 - 0x00007ffd37e8a000 	C:\WINDOWS\System32\GDI32.dll
0x00007ffd1fda0000 - 0x00007ffd20030000 	C:\WINDOWS\WinSxS\amd64_microsoft.windows.common-controls_6595b64144ccf1df_6.0.26100.3323_none_3e088096e3344490\COMCTL32.dll
0x00007ffd35980000 - 0x00007ffd35ab1000 	C:\WINDOWS\System32\gdi32full.dll
0x00007ffd37a50000 - 0x00007ffd37af9000 	C:\WINDOWS\System32\msvcrt.dll
0x00007ffd360b0000 - 0x00007ffd36153000 	C:\WINDOWS\System32\msvcp_win.dll
0x00007ffd37670000 - 0x00007ffd3769f000 	C:\WINDOWS\System32\IMM32.DLL
0x00007ffd2d5c0000 - 0x00007ffd2d5cc000 	C:\Program Files\Android\Android Studio\jbr\bin\vcruntime140_1.dll
0x00007ffcd16c0000 - 0x00007ffcd174d000 	C:\Program Files\Android\Android Studio\jbr\bin\msvcp140.dll
0x00007ffba2bd0000 - 0x00007ffba3853000 	C:\Program Files\Android\Android Studio\jbr\bin\server\jvm.dll
0x00007ffd364e0000 - 0x00007ffd36592000 	C:\WINDOWS\System32\ADVAPI32.dll
0x00007ffd365b0000 - 0x00007ffd36656000 	C:\WINDOWS\System32\sechost.dll
0x00007ffd37930000 - 0x00007ffd37a46000 	C:\WINDOWS\System32\RPCRT4.dll
0x00007ffd1cc50000 - 0x00007ffd1cc5a000 	C:\WINDOWS\SYSTEM32\WSOCK32.dll
0x00007ffd34530000 - 0x00007ffd3457e000 	C:\WINDOWS\SYSTEM32\POWRPROF.dll
0x00007ffd367f0000 - 0x00007ffd36864000 	C:\WINDOWS\System32\WS2_32.dll
0x00007ffd2b760000 - 0x00007ffd2b76b000 	C:\WINDOWS\SYSTEM32\VERSION.dll
0x00007ffd2b390000 - 0x00007ffd2b3c6000 	C:\WINDOWS\SYSTEM32\WINMM.dll
0x00007ffd34510000 - 0x00007ffd34524000 	C:\WINDOWS\SYSTEM32\UMPDC.dll
0x00007ffd347f0000 - 0x00007ffd3480a000 	C:\WINDOWS\SYSTEM32\kernel.appcore.dll
0x00007ffd26780000 - 0x00007ffd2678a000 	C:\Program Files\Android\Android Studio\jbr\bin\jimage.dll
0x00007ffd33130000 - 0x00007ffd33371000 	C:\WINDOWS\SYSTEM32\DBGHELP.DLL
0x00007ffd36870000 - 0x00007ffd36bf2000 	C:\WINDOWS\System32\combase.dll
0x00007ffd38320000 - 0x00007ffd383f6000 	C:\WINDOWS\System32\OLEAUT32.dll
0x00007ffcac3c0000 - 0x00007ffcac3f9000 	C:\WINDOWS\SYSTEM32\dbgcore.DLL
0x00007ffd35c40000 - 0x00007ffd35cd9000 	C:\WINDOWS\System32\bcryptPrimitives.dll
0x00007ffcd1690000 - 0x00007ffcd16b5000 	C:\Program Files\Android\Android Studio\jbr\bin\java.dll

dbghelp: loaded successfully - version: 4.0.5 - missing functions: none
symbol engine: initialized successfully - sym options: 0x614 - pdb path: .;C:\Program Files\Android\Android Studio\jbr\bin;C:\WINDOWS\SYSTEM32;C:\WINDOWS\WinSxS\amd64_microsoft.windows.common-controls_6595b64144ccf1df_6.0.26100.3323_none_3e088096e3344490;C:\Program Files\Android\Android Studio\jbr\bin\server

VM Arguments:
java_command: <unknown>
java_class_path (initial): <not set>
Launcher Type: SUN_STANDARD

[Global flags]
     intx CICompilerCount                          = 12                                        {product} {ergonomic}
     uint ConcGCThreads                            = 3                                         {product} {ergonomic}
     uint G1ConcRefinementThreads                  = 13                                        {product} {ergonomic}
   size_t G1HeapRegionSize                         = 4194304                                   {product} {ergonomic}
    uintx GCDrainStackTargetSize                   = 64                                        {product} {ergonomic}
   size_t InitialHeapSize                          = 528482304                                 {product} {ergonomic}
   size_t MarkStackSize                            = 4194304                                   {product} {ergonomic}
   size_t MaxHeapSize                              = 8434745344                                {product} {ergonomic}
   size_t MinHeapDeltaBytes                        = 4194304                                   {product} {ergonomic}
   size_t MinHeapSize                              = 8388608                                   {product} {ergonomic}
    uintx NonNMethodCodeHeapSize                   = 7602480                                {pd product} {ergonomic}
    uintx NonProfiledCodeHeapSize                  = 122027880                              {pd product} {ergonomic}
    uintx ProfiledCodeHeapSize                     = 122027880                              {pd product} {ergonomic}
    uintx ReservedCodeCacheSize                    = 251658240                              {pd product} {ergonomic}
     bool SegmentedCodeCache                       = true                                      {product} {ergonomic}
   size_t SoftMaxHeapSize                          = 8434745344                             {manageable} {ergonomic}
     bool UseCompressedClassPointers               = true                           {product lp64_product} {ergonomic}
     bool UseCompressedOops                        = true                           {product lp64_product} {ergonomic}
     bool UseG1GC                                  = true                                      {product} {ergonomic}
     bool UseLargePagesIndividualAllocation        = false                                  {pd product} {ergonomic}

Logging:
Log output configuration:
 #0: stdout all=warning uptime,level,tags
 #1: stderr all=off uptime,level,tags

Environment Variables:
JAVA_HOME=C:\Program Files\Android\Android Studio\jbr
PATH=C:\Program Files\Microsoft Visual Studio\2022\Professional\Common7\IDE\CommonExtensions\Microsoft\CMake\CMake\bin;C:\Program Files\Microsoft Visual Studio\2022\Professional\MSBuild\Current\Bin;c:\devkitPro\msys2\usr\bin;C:\VulkanSDK\1.3.275.0\Bin;C:\Program Files\Microsoft MPI\Bin\;C:\Program Files (x86)\Razer\ChromaBroadcast\bin;C:\Program Files\Razer\ChromaBroadcast\bin;C:\Program Files\Oculus\Support\oculus-runtime;C:\Program Files\Common Files\Oracle\Java\javapath;C:\Program Files (x86)\Common Files\Oracle\Java\javapath;C:\Windows\system32;C:\Windows;C:\Windows\System32\Wbem;C:\Windows\System32\WindowsPowerShell\v1.0\;C:\Windows\System32\OpenSSH\;C:\Program Files\Microsoft SQL Server\130\Tools\Binn\;C:\Program Files\Microsoft SQL Server\Client SDK\ODBC\170\Tools\Binn\;C:\Program Files\Microsoft SQL Server\120\Tools\Binn\;C:\Program Files\dotnet\;C:\xampp\php;C:\ProgramData\ComposerSetup\bin;C:\Program Files\Git LFS;C:\Program Files\Docker\Docker\resources\bin;C:\Program Files (x86)\Windows Kits\10\Windows Performance Toolkit\;C:\Program Files (x86)\QuickTime\QTSystem\;C:\Program Files\Perforce\;C:\Windows\system32\config\systemprofile\AppData\Local\Microsoft\WindowsApps;C:\Program Files\Git\cmd;E:\Chat_with_RTX\ChatWithRTX_installer_3_27_patch_v2\env_nvd_rag\Lib\site-packages\torch\lib;C:\Program Files (x86)\ZeroTier\One\;C:\Program Files (x86)\NVIDIA Corporation\PhysX\Common;C:\Program Files\nodejs\;f:\steamlibrary\steamapps\common\iracing\d3dgear;C:\Program Files\NVIDIA Corporation\NVIDIA app\NvDLISR;;%SystemRoot%\system32;%SystemRoot%;%SystemRoot%\System32\Wbem;%SYSTEMROOT%\System32\WindowsPowerShell\v1.0\;%SYSTEMROOT%\System32\OpenSSH\;C:\Program Files\Microsoft Visual Studio\2022\Professional\Common7\IDE;C:\Users\Nick van Luyk\AppData\Roaming\npm;C:\Users\Nick van Luyk\AppData\Local\Programs\Python\Python39\Scripts\;C:\Users\Nick van Luyk\AppData\Local\Programs\Python\Python39\;C:\Program Files\Common Files\Oracle\Java\javapath;C:\Program Files (x86)\Comm
USERNAME=Nick van Luyk
OS=Windows_NT
PROCESSOR_IDENTIFIER=AMD64 Family 25 Model 80 Stepping 0, AuthenticAMD
TMP=C:\Users\NICKVA~1\AppData\Local\Temp
TEMP=C:\Users\NICKVA~1\AppData\Local\Temp



Periodic native trim disabled

JNI global refs:
JNI global refs: 0, weak refs: 0

JNI global refs memory usage: 0, weak refs: 0

Process memory usage:
Resident Set Size: 13132K (0% of 32947200K total physical memory with 5378188K free physical memory)

OOME stack traces (most recent first):
Classloader memory used:


---------------  S Y S T E M  ---------------

OS:
 Windows 11 , 64 bit Build 26100 (10.0.26100.3323)
OS uptime: 0 days 3:36 hours
Hyper-V role detected

CPU: total 16 (initial active 16) (16 cores per cpu, 2 threads per core) family 25 model 80 stepping 0 microcode 0xa50000b, cx8, cmov, fxsr, ht, mmx, 3dnowpref, sse, sse2, sse3, ssse3, sse4a, sse4.1, sse4.2, popcnt, lzcnt, tsc, tscinvbit, avx, avx2, aes, erms, clmul, bmi1, bmi2, adx, sha, fma, vzeroupper, clflush, clflushopt, hv
Processor Information for processor 0
  Max Mhz: 3301, Current Mhz: 2004, Mhz Limit: 3301
Processor Information for processor 1
  Max Mhz: 3301, Current Mhz: 2004, Mhz Limit: 3301
Processor Information for processor 2
  Max Mhz: 3301, Current Mhz: 2004, Mhz Limit: 3301
Processor Information for processor 3
  Max Mhz: 3301, Current Mhz: 3301, Mhz Limit: 3301
Processor Information for processor 4
  Max Mhz: 3301, Current Mhz: 2004, Mhz Limit: 3301
Processor Information for processor 5
  Max Mhz: 3301, Current Mhz: 2004, Mhz Limit: 3301
Processor Information for processor 6
  Max Mhz: 3301, Current Mhz: 2004, Mhz Limit: 3301
Processor Information for processor 7
  Max Mhz: 3301, Current Mhz: 3301, Mhz Limit: 3301
Processor Information for processor 8
  Max Mhz: 3301, Current Mhz: 2004, Mhz Limit: 3301
Processor Information for processor 9
  Max Mhz: 3301, Current Mhz: 2004, Mhz Limit: 3301
Processor Information for processor 10
  Max Mhz: 3301, Current Mhz: 2004, Mhz Limit: 3301
Processor Information for processor 11
  Max Mhz: 3301, Current Mhz: 2004, Mhz Limit: 3301
Processor Information for processor 12
  Max Mhz: 3301, Current Mhz: 2004, Mhz Limit: 3301
Processor Information for processor 13
  Max Mhz: 3301, Current Mhz: 3301, Mhz Limit: 3301
Processor Information for processor 14
  Max Mhz: 3301, Current Mhz: 2004, Mhz Limit: 3301
Processor Information for processor 15
  Max Mhz: 3301, Current Mhz: 3301, Mhz Limit: 3301

Memory: 4k page, system-wide physical 32175M (5252M free)
TotalPageFile size 37104M (AvailPageFile size 25M)
current process WorkingSet (physical memory assigned to process): 12M, peak: 12M
current process commit charge ("private bytes"): 71M, peak: 575M

vm_info: OpenJDK 64-Bit Server VM (17.0.11+0--11852314) for windows-amd64 JRE (17.0.11+0--11852314), built on May 16 2024 21:29:20 by "androidbuild" with MS VC++ 16.10 / 16.11 (VS2019)

END.
